[preview.webcake.io/my-pham-va-sac-dep-11.html]
[backblue.gif]
[fade.gif]
[index.html]
[preview.webcake.io/pages/my-pham-va-sac-dep-11.html]
[statics.pancake.vn/web-media/48/c1/5e/fa/d6427653b3fa44d854f2171914c91e090286b98f56448f3101970b11.png]
[content.pancake.vn/1/s850x850/fwebp/3f/cf/a0/5a/ab2e7f67d572e29144fdbf01b643df5d356d4eed25749d525a6db1c3.png]
[content.pancake.vn/1/s850x850/3f/cf/a0/5a/ab2e7f67d572e29144fdbf01b643df5d356d4eed25749d525a6db1c3.png]
[content.pancake.vn/1/s450x350/fwebp/2a/d8/08/9d/cda2ffffd289bd7249b5d02318534c188f0d22e06ad25819c9a7899b.png]
[content.pancake.vn/1/s450x350/2a/d8/08/9d/cda2ffffd289bd7249b5d02318534c188f0d22e06ad25819c9a7899b.png]
[content.pancake.vn/1/s550x700/fwebp/90/74/ec/a8/3f6d37e6759098170da72b6aa566536d7145670f0f01678e4052cddc.png]
[content.pancake.vn/1/s550x700/90/74/ec/a8/3f6d37e6759098170da72b6aa566536d7145670f0f01678e4052cddc.png]
[content.pancake.vn/1/s550x650/fwebp/f8/bb/09/7e/6cbece4e4a2680797db0acce15445b985c33934b5b60fdb1baf0df5e.png]
[content.pancake.vn/1/s550x650/f8/bb/09/7e/6cbece4e4a2680797db0acce15445b985c33934b5b60fdb1baf0df5e.png]
[content.pancake.vn/1/s600x750/fwebp/af/21/73/ff/7f125ebd866b2dfe93feb33777a9a68201a931ec9c27dfe3067e2753.png]
[content.pancake.vn/1/s600x750/af/21/73/ff/7f125ebd866b2dfe93feb33777a9a68201a931ec9c27dfe3067e2753.png]
[content.pancake.vn/1/s550x450/fwebp/7f/68/34/ce/49d56e0b110218b9f20ab45eaf4d8eae6a3d4f649fa5416aeaa3d3c4.png]
[content.pancake.vn/1/s550x450/7f/68/34/ce/49d56e0b110218b9f20ab45eaf4d8eae6a3d4f649fa5416aeaa3d3c4.png]
[content.pancake.vn/1/s500x600/fwebp/f8/bb/09/7e/6cbece4e4a2680797db0acce15445b985c33934b5b60fdb1baf0df5e.png]
[content.pancake.vn/1/s500x600/f8/bb/09/7e/6cbece4e4a2680797db0acce15445b985c33934b5b60fdb1baf0df5e.png]
[content.pancake.vn/1/s550x650/fwebp/af/21/73/ff/7f125ebd866b2dfe93feb33777a9a68201a931ec9c27dfe3067e2753.png]
[content.pancake.vn/1/s550x650/af/21/73/ff/7f125ebd866b2dfe93feb33777a9a68201a931ec9c27dfe3067e2753.png]
[content.pancake.vn/1/s950x650/fwebp/f0/72/17/67/2e47dc48ad52b57dbdc9e6a7a999b89a77643f8bad786f33453bbb06.png]
[content.pancake.vn/1/s950x650/f0/72/17/67/2e47dc48ad52b57dbdc9e6a7a999b89a77643f8bad786f33453bbb06.png]
[content.pancake.vn/1/s700x800/fwebp/1c/fc/6e/22/24a870ae4c653cd908e6568ec287ae995ae94427dff2cfe1324ea195.jpg]
[content.pancake.vn/1/s700x900/fwebp/83/d2/5c/f5/fc1bc9c34153508198212a16694200608910d10036890ebf0949bbeb.jpg]
[content.pancake.vn/1/s700x900/83/d2/5c/f5/fc1bc9c34153508198212a16694200608910d10036890ebf0949bbeb.jpg]
[content.pancake.vn/1/s550x650/fwebp/e1/32/f8/d9/7067585642e6d75772a6963b9bd1a8eea91d6cda6a1b37f48ae7924b.jpg]
[content.pancake.vn/1/s550x650/e1/32/f8/d9/7067585642e6d75772a6963b9bd1a8eea91d6cda6a1b37f48ae7924b.jpg]
[content.pancake.vn/1/s500x600/fwebp/e1/32/f8/d9/7067585642e6d75772a6963b9bd1a8eea91d6cda6a1b37f48ae7924b.jpg]
[content.pancake.vn/1/s500x600/e1/32/f8/d9/7067585642e6d75772a6963b9bd1a8eea91d6cda6a1b37f48ae7924b.jpg]
[content.pancake.vn/1/s750x1250/fwebp/75/e7/52/87/33b0514a1a67ff096f726840611bebfc1f54c961c840ad13fdfa104c.jpg]
[content.pancake.vn/1/s750x1250/75/e7/52/87/33b0514a1a67ff096f726840611bebfc1f54c961c840ad13fdfa104c.jpg]
[content.pancake.vn/1/s550x700/fwebp/f2/af/cd/fd/fdb4bd0c396e7d47f372f3193d635cabb18a36922ac69aeb92db8cff.png]
[content.pancake.vn/1/s550x700/f2/af/cd/fd/fdb4bd0c396e7d47f372f3193d635cabb18a36922ac69aeb92db8cff.png]
[content.pancake.vn/1/s500x400/fwebp/7f/68/34/ce/49d56e0b110218b9f20ab45eaf4d8eae6a3d4f649fa5416aeaa3d3c4.png]
[content.pancake.vn/1/s500x400/7f/68/34/ce/49d56e0b110218b9f20ab45eaf4d8eae6a3d4f649fa5416aeaa3d3c4.png]
[content.pancake.vn/1/s750x1000/fwebp/75/e7/52/87/33b0514a1a67ff096f726840611bebfc1f54c961c840ad13fdfa104c.jpg]
[content.pancake.vn/1/s750x1000/75/e7/52/87/33b0514a1a67ff096f726840611bebfc1f54c961c840ad13fdfa104c.jpg]
[content.pancake.vn/1/s750x700/fwebp/f7/47/be/93/d309c5086be59d9c030a949e5a81818008880eb1170e861baa0dc22e.png]
[content.pancake.vn/1/s500x600/fwebp/87/f6/dc/24/eb822d631c924d0516b287ad492cb19e7ad83b78a98ebbfdc90505a8.jpg]
[content.pancake.vn/1/s500x600/87/f6/dc/24/eb822d631c924d0516b287ad492cb19e7ad83b78a98ebbfdc90505a8.jpg]
[content.pancake.vn/1/s500x650/fwebp/cb/13/f5/56/64a4d1a4c4ced67dc2f8de24bb302620c1f91cc2a10cdc87311d9a81.jpeg]
[content.pancake.vn/1/s500x650/cb/13/f5/56/64a4d1a4c4ced67dc2f8de24bb302620c1f91cc2a10cdc87311d9a81.jpg]
[content.pancake.vn/1/s600x600/fwebp/63/54/a0/3f/1de46b6f9a804192d577d17a4c65d449735996dd27a7061058480777.jpg]
[content.pancake.vn/1/s600x600/63/54/a0/3f/1de46b6f9a804192d577d17a4c65d449735996dd27a7061058480777.jpg]
[content.pancake.vn/1/s750x800/fwebp/5a/bd/d5/9b/d8b83cf16962c93fd0a340cfcdde9f3dafc1b14c52e880c3b2553e02.jpg]
[content.pancake.vn/1/s750x800/5a/bd/d5/9b/d8b83cf16962c93fd0a340cfcdde9f3dafc1b14c52e880c3b2553e02.jpg]
[a.pancake.vn/js/heatmapf5cd.js]
[preview.webcake.io/address_wc/address.84.min3860.js]
[api.webcake.io/animate/animatev43860.css]
[api.webcake.io/render_iconfont/iconfont3860.css]
[preview.webcake.io/webcake/v4/119ac988-71fe-4f27-81af-071c829029df3860.html]
[preview.webcake.io/render_v4/product90a4.js]
[preview.webcake.io/page_view2d04.gif]
[preview.webcake.io/my-pham-va-sac-dep-11.html]
[content.pancake.vn/1/48/c1/5e/fa/d6427653b3fa44d854f2171914c91e090286b98f56448f3101970b11.png]
[preview.webcake.io/pages/my-pham-va-sac-dep-11.html]
[api.webcake.io/animate/animatev43860.css]
[api.webcake.io/render_iconfont/iconfontbd18.woff2]
[api.webcake.io/render_iconfont/iconfontbd18.woff]
[api.webcake.io/render_iconfont/iconfontbd18.ttf]
[api.webcake.io/render_iconfont/iconfont3860.css]
[preview.webcake.io/webcake/v4/119ac988-71fe-4f27-81af-071c829029df3860.html]
[preview.webcake.io/datasets/index.html]
[preview.webcake.io/form_data/index.html]
[preview.webcake.io/form_data/index.html]
[preview.webcake.io/datasets/index.html]
